d:\_\__sdl projects\game1007\_new\game1007_w06_sdllab\game1007_w05_framework\x64\debug\vc143.pdb
d:\_\__sdl projects\game1007\_new\game1007_w06_sdllab\game1007_w05_framework\x64\debug\vc143.idb
d:\_\__sdl projects\game1007\_new\game1007_w06_sdllab\game1007_w05_framework\x64\debug\main.obj
d:\_\__sdl projects\game1007\_new\game1007_w07_sdllab\game1007_w05_framework\x64\debug\vc143.pdb
d:\_\__sdl projects\game1007\_new\game1007_w07_sdllab\game1007_w05_framework\x64\debug\vc143.idb
d:\_\__sdl projects\game1007\_new\game1007_w07_sdllab\game1007_w05_framework\x64\debug\main.obj
d:\_\__sdl projects\game1007\_new\game1007_w09_lab_done\game1007_w05_framework\x64\debug\vc143.pdb
d:\_\__sdl projects\game1007\_new\game1007_w09_lab_done\game1007_w05_framework\x64\debug\vc143.idb
d:\_\__sdl projects\game1007\_new\game1007_w09_lab_done\game1007_w05_framework\x64\debug\main.obj
d:\_\__sdl projects\game1007\_new\game1007_w09_lab_done\game1007_w05_framework\x64\debug\engine.obj
d:\_\__sdl projects\game1007\_new\game1007_w09_lab_start\game1007_w05_framework\x64\debug\vc143.pdb
d:\_\__sdl projects\game1007\_new\game1007_w09_lab_start\game1007_w05_framework\x64\debug\vc143.idb
d:\_\__sdl projects\game1007\_new\game1007_w09_lab_start\game1007_w05_framework\x64\debug\main.obj
d:\_\__sdl projects\game1007\_new\game1007_w06_sdllab\bin\x64\debug\game1007_w05_framework.exe
d:\_\__sdl projects\game1007\_new\game1007_w06_sdllab\game1007_w05_framework\x64\debug\game1007_w05_framework.ilk
d:\_\__sdl projects\game1007\_new\game1007_w06_sdllab\bin\x64\debug\game1007_w05_framework.pdb
d:\_\__sdl projects\game1007\_new\game1007_w07_sdllab\bin\x64\debug\game1007_w05_framework.exe
d:\_\__sdl projects\game1007\_new\game1007_w07_sdllab\game1007_w05_framework\x64\debug\game1007_w05_framework.ilk
d:\_\__sdl projects\game1007\_new\game1007_w07_sdllab\bin\x64\debug\game1007_w05_framework.pdb
d:\_\__sdl projects\game1007\_new\game1007_w09_lab_done\bin\x64\debug\game1007_w05_framework.exe
d:\_\__sdl projects\game1007\_new\game1007_w09_lab_done\game1007_w05_framework\x64\debug\game1007_w05_framework.ilk
d:\_\__sdl projects\game1007\_new\game1007_w09_lab_done\bin\x64\debug\game1007_w05_framework.pdb
d:\_\__sdl projects\game1007\_new\game1007_w09_lab_start\bin\x64\debug\game1007_w05_framework.exe
d:\_\__sdl projects\game1007\_new\game1007_w09_lab_start\game1007_w05_framework\x64\debug\game1007_w05_framework.ilk
d:\_\__sdl projects\game1007\_new\game1007_w09_lab_start\bin\x64\debug\game1007_w05_framework.pdb
c:\users\101377166\downloads\game1007_w09_lab_start\game1007_w05_framework\x64\debug\engine.obj
c:\users\101377166\downloads\game1007_w09_lab_start\game1007_w05_framework\x64\debug\main.obj
c:\users\101377166\downloads\game1007_w09_lab_start\game1007_w05_framework\x64\debug\game1007_w05_framework.ilk
c:\users\101377166\downloads\game1007_w09_lab_start\game1007_w05_framework\x64\debug\vc143.idb
c:\users\101377166\downloads\game1007_w09_lab_start\game1007_w05_framework\x64\debug\vc143.pdb
c:\users\101377166\downloads\game1007_w09_lab_start\\bin\x64\debug\game1007_w05_framework.pdb
c:\users\101377166\downloads\game1007_w09_lab_start\bin\x64\debug\game1007_w05_framework.exe
c:\users\101377166\downloads\game1007_w09_lab_start\game1007_w05_framework\x64\debug\game1007.eeb103f7.tlog\cl.command.1.tlog
c:\users\101377166\downloads\game1007_w09_lab_start\game1007_w05_framework\x64\debug\game1007.eeb103f7.tlog\cl.read.1.tlog
c:\users\101377166\downloads\game1007_w09_lab_start\game1007_w05_framework\x64\debug\game1007.eeb103f7.tlog\cl.write.1.tlog
c:\users\101377166\downloads\game1007_w09_lab_start\game1007_w05_framework\x64\debug\game1007.eeb103f7.tlog\link.command.1.tlog
c:\users\101377166\downloads\game1007_w09_lab_start\game1007_w05_framework\x64\debug\game1007.eeb103f7.tlog\link.read.1.tlog
c:\users\101377166\downloads\game1007_w09_lab_start\game1007_w05_framework\x64\debug\game1007.eeb103f7.tlog\link.write.1.tlog
